
> imap-email-server-ui@1.0.0 dev
> vite

Port 3002 is in use, trying another one...

  VITE v5.4.19  ready in 140 ms

  ➜  Local:   http://localhost:3003/
  ➜  Network: use --host to expose
10:26:31 AM [vite] hmr update /src/App.tsx, /src/index.css
10:26:45 AM [vite] hmr update /src/components/EmailClient.tsx, /src/index.css
10:26:53 AM [vite] hmr update /src/components/ConnectionForm.tsx, /src/index.css
10:27:01 AM [vite] hmr update /src/components/ConnectionForm.tsx, /src/index.css
10:27:11 AM [vite] hmr update /src/components/ConnectionForm.tsx, /src/index.css

> imap-email-server-ui@1.0.0 dev
> vite


  VITE v5.4.19  ready in 139 ms

  ➜  Local:   http://localhost:3002/
  ➜  Network: use --host to expose
10:33:22 AM [vite] hmr update /src/components/SettingsPanel.tsx, /src/index.css
10:40:22 AM [vite] hmr update /src/App.tsx, /src/index.css, /src/components/EmailClient.tsx, /src/components/Sidebar.tsx, /src/components/ConnectionForm.tsx, /src/components/EmailList.tsx, /src/components/EmailDetail.tsx, /src/components/ComposeModal.tsx, /src/components/SettingsPanel.tsx, /src/components/EmailFilters.tsx, /src/components/EmailSearchBar.tsx
10:40:33 AM [vite] hmr update /src/App.tsx, /src/index.css, /src/components/EmailClient.tsx, /src/components/Sidebar.tsx, /src/components/ConnectionForm.tsx, /src/components/EmailList.tsx, /src/components/EmailDetail.tsx, /src/components/ComposeModal.tsx, /src/components/SettingsPanel.tsx, /src/components/EmailFilters.tsx, /src/components/EmailSearchBar.tsx
10:40:51 AM [vite] hmr update /src/components/EmailClient.tsx, /src/index.css
